<?xml version="1.0" encoding="UTF-8"?>
<coverage generated="1763008423761" clover="3.2.0">
  <project timestamp="1763008423761" name="All files">
    <metrics statements="44" coveredstatements="40" conditionals="31" coveredconditionals="27" methods="14" coveredmethods="10" elements="89" coveredelements="77" complexity="0" loc="44" ncloc="44" packages="1" files="1" classes="1"/>
    <file name="index.js" path="/Users/pikachu/CodeHouse/zwCodeHose/zw-learn-code/promise-demo/index.js">
      <metrics statements="44" coveredstatements="40" conditionals="31" coveredconditionals="27" methods="14" coveredmethods="10"/>
      <line num="2" count="1" type="stmt"/>
      <line num="3" count="1" type="stmt"/>
      <line num="4" count="1" type="stmt"/>
      <line num="7" count="16" type="stmt"/>
      <line num="8" count="16" type="stmt"/>
      <line num="9" count="13" type="stmt"/>
      <line num="11" count="3" type="stmt"/>
      <line num="17" count="37" type="stmt"/>
      <line num="18" count="37" type="stmt"/>
      <line num="19" count="37" type="stmt"/>
      <line num="21" count="37" type="stmt"/>
      <line num="22" count="37" type="stmt"/>
      <line num="24" count="37" type="stmt"/>
      <line num="27" count="21" type="cond" truecount="2" falsecount="0"/>
      <line num="28" count="20" type="stmt"/>
      <line num="29" count="20" type="stmt"/>
      <line num="31" count="20" type="cond" truecount="1" falsecount="1"/>
      <line num="32" count="0" type="stmt"/>
      <line num="37" count="37" type="stmt"/>
      <line num="40" count="12" type="cond" truecount="2" falsecount="0"/>
      <line num="41" count="11" type="stmt"/>
      <line num="42" count="11" type="stmt"/>
      <line num="44" count="11" type="cond" truecount="1" falsecount="1"/>
      <line num="45" count="0" type="stmt"/>
      <line num="50" count="37" type="stmt"/>
      <line num="52" count="37" type="stmt"/>
      <line num="55" count="1" type="stmt"/>
      <line num="61" count="18" type="cond" truecount="2" falsecount="0"/>
      <line num="62" count="18" type="cond" truecount="2" falsecount="0"/>
      <line num="65" count="1" type="stmt"/>
      <line num="68" count="18" type="stmt"/>
      <line num="72" count="18" type="cond" truecount="2" falsecount="0"/>
      <line num="79" count="8" type="stmt"/>
      <line num="81" count="18" type="cond" truecount="4" falsecount="0"/>
      <line num="85" count="8" type="stmt"/>
      <line num="89" count="18" type="cond" truecount="2" falsecount="0"/>
      <line num="91" count="2" type="cond" truecount="3" falsecount="1"/>
      <line num="92" count="2" type="stmt"/>
      <line num="95" count="0" type="stmt"/>
      <line num="98" count="2" type="cond" truecount="3" falsecount="1"/>
      <line num="99" count="2" type="stmt"/>
      <line num="102" count="0" type="stmt"/>
      <line num="113" count="3" type="stmt"/>
      <line num="116" count="1" type="stmt"/>
    </file>
  </project>
</coverage>
