{"/Users/pikachu/CodeHouse/zwCodeHose/zw-learn-code/promise-demo/index.js": {"path":"/Users/pikachu/CodeHouse/zwCodeHose/zw-learn-code/promise-demo/index.js","statementMap":{"0":{"start":{"line":2,"column":23},"end":{"line":2,"column":32}},"1":{"start":{"line":3,"column":25},"end":{"line":3,"column":36}},"2":{"start":{"line":4,"column":24},"end":{"line":4,"column":34}},"3":{"start":{"line":8,"column":4},"end":{"line":8,"column":33}},"4":{"start":{"line":9,"column":4},"end":{"line":9,"column":27}},"5":{"start":{"line":10,"column":4},"end":{"line":10,"column":28}},"6":{"start":{"line":12,"column":4},"end":{"line":12,"column":27}},"7":{"start":{"line":13,"column":4},"end":{"line":13,"column":26}},"8":{"start":{"line":15,"column":20},"end":{"line":26,"column":5}},"9":{"start":{"line":18,"column":6},"end":{"line":25,"column":7}},"10":{"start":{"line":19,"column":8},"end":{"line":19,"column":39}},"11":{"start":{"line":20,"column":8},"end":{"line":20,"column":27}},"12":{"start":{"line":22,"column":8},"end":{"line":24,"column":9}},"13":{"start":{"line":23,"column":10},"end":{"line":23,"column":60}},"14":{"start":{"line":23,"column":44},"end":{"line":23,"column":58}},"15":{"start":{"line":28,"column":19},"end":{"line":39,"column":5}},"16":{"start":{"line":31,"column":6},"end":{"line":38,"column":7}},"17":{"start":{"line":32,"column":8},"end":{"line":32,"column":38}},"18":{"start":{"line":33,"column":8},"end":{"line":33,"column":29}},"19":{"start":{"line":35,"column":8},"end":{"line":37,"column":9}},"20":{"start":{"line":36,"column":10},"end":{"line":36,"column":60}},"21":{"start":{"line":36,"column":43},"end":{"line":36,"column":58}},"22":{"start":{"line":41,"column":4},"end":{"line":41,"column":30}},"23":{"start":{"line":48,"column":4},"end":{"line":54,"column":5}},"24":{"start":{"line":53,"column":6},"end":{"line":53,"column":30}},"25":{"start":{"line":55,"column":4},"end":{"line":61,"column":5}},"26":{"start":{"line":60,"column":6},"end":{"line":60,"column":30}},"27":{"start":{"line":64,"column":4},"end":{"line":71,"column":5}},"28":{"start":{"line":65,"column":6},"end":{"line":67,"column":7}},"29":{"start":{"line":66,"column":8},"end":{"line":66,"column":44}},"30":{"start":{"line":68,"column":6},"end":{"line":70,"column":7}},"31":{"start":{"line":69,"column":8},"end":{"line":69,"column":42}},"32":{"start":{"line":74,"column":0},"end":{"line":74,"column":26}}},"fnMap":{"0":{"name":"(anonymous_0)","decl":{"start":{"line":6,"column":2},"end":{"line":6,"column":3}},"loc":{"start":{"line":6,"column":35},"end":{"line":42,"column":3}},"line":6},"1":{"name":"(anonymous_1)","decl":{"start":{"line":6,"column":25},"end":{"line":6,"column":26}},"loc":{"start":{"line":6,"column":31},"end":{"line":6,"column":33}},"line":6},"2":{"name":"(anonymous_2)","decl":{"start":{"line":15,"column":20},"end":{"line":15,"column":21}},"loc":{"start":{"line":15,"column":31},"end":{"line":26,"column":5}},"line":15},"3":{"name":"(anonymous_3)","decl":{"start":{"line":23,"column":36},"end":{"line":23,"column":37}},"loc":{"start":{"line":23,"column":44},"end":{"line":23,"column":58}},"line":23},"4":{"name":"(anonymous_4)","decl":{"start":{"line":28,"column":19},"end":{"line":28,"column":20}},"loc":{"start":{"line":28,"column":31},"end":{"line":39,"column":5}},"line":28},"5":{"name":"(anonymous_5)","decl":{"start":{"line":36,"column":35},"end":{"line":36,"column":36}},"loc":{"start":{"line":36,"column":43},"end":{"line":36,"column":58}},"line":36},"6":{"name":"(anonymous_6)","decl":{"start":{"line":44,"column":2},"end":{"line":44,"column":3}},"loc":{"start":{"line":44,"column":32},"end":{"line":72,"column":3}},"line":44}},"branchMap":{"0":{"loc":{"start":{"line":6,"column":14},"end":{"line":6,"column":33}},"type":"default-arg","locations":[{"start":{"line":6,"column":25},"end":{"line":6,"column":33}}],"line":6},"1":{"loc":{"start":{"line":18,"column":6},"end":{"line":25,"column":7}},"type":"if","locations":[{"start":{"line":18,"column":6},"end":{"line":25,"column":7}},{"start":{},"end":{}}],"line":18},"2":{"loc":{"start":{"line":22,"column":8},"end":{"line":24,"column":9}},"type":"if","locations":[{"start":{"line":22,"column":8},"end":{"line":24,"column":9}},{"start":{},"end":{}}],"line":22},"3":{"loc":{"start":{"line":31,"column":6},"end":{"line":38,"column":7}},"type":"if","locations":[{"start":{"line":31,"column":6},"end":{"line":38,"column":7}},{"start":{},"end":{}}],"line":31},"4":{"loc":{"start":{"line":35,"column":8},"end":{"line":37,"column":9}},"type":"if","locations":[{"start":{"line":35,"column":8},"end":{"line":37,"column":9}},{"start":{},"end":{}}],"line":35},"5":{"loc":{"start":{"line":48,"column":4},"end":{"line":54,"column":5}},"type":"if","locations":[{"start":{"line":48,"column":4},"end":{"line":54,"column":5}},{"start":{},"end":{}}],"line":48},"6":{"loc":{"start":{"line":49,"column":6},"end":{"line":51,"column":39}},"type":"binary-expr","locations":[{"start":{"line":49,"column":6},"end":{"line":49,"column":38}},{"start":{"line":50,"column":6},"end":{"line":50,"column":17}},{"start":{"line":51,"column":6},"end":{"line":51,"column":39}}],"line":49},"7":{"loc":{"start":{"line":55,"column":4},"end":{"line":61,"column":5}},"type":"if","locations":[{"start":{"line":55,"column":4},"end":{"line":61,"column":5}},{"start":{},"end":{}}],"line":55},"8":{"loc":{"start":{"line":56,"column":6},"end":{"line":58,"column":38}},"type":"binary-expr","locations":[{"start":{"line":56,"column":6},"end":{"line":56,"column":37}},{"start":{"line":57,"column":6},"end":{"line":57,"column":16}},{"start":{"line":58,"column":6},"end":{"line":58,"column":38}}],"line":56},"9":{"loc":{"start":{"line":64,"column":4},"end":{"line":71,"column":5}},"type":"if","locations":[{"start":{"line":64,"column":4},"end":{"line":71,"column":5}},{"start":{},"end":{}}],"line":64},"10":{"loc":{"start":{"line":65,"column":6},"end":{"line":67,"column":7}},"type":"if","locations":[{"start":{"line":65,"column":6},"end":{"line":67,"column":7}},{"start":{},"end":{}}],"line":65},"11":{"loc":{"start":{"line":65,"column":10},"end":{"line":65,"column":58}},"type":"binary-expr","locations":[{"start":{"line":65,"column":10},"end":{"line":65,"column":21}},{"start":{"line":65,"column":25},"end":{"line":65,"column":58}}],"line":65},"12":{"loc":{"start":{"line":68,"column":6},"end":{"line":70,"column":7}},"type":"if","locations":[{"start":{"line":68,"column":6},"end":{"line":70,"column":7}},{"start":{},"end":{}}],"line":68},"13":{"loc":{"start":{"line":68,"column":10},"end":{"line":68,"column":56}},"type":"binary-expr","locations":[{"start":{"line":68,"column":10},"end":{"line":68,"column":20}},{"start":{"line":68,"column":24},"end":{"line":68,"column":56}}],"line":68}},"s":{"0":1,"1":1,"2":1,"3":12,"4":12,"5":12,"6":12,"7":12,"8":12,"9":5,"10":4,"11":4,"12":4,"13":0,"14":0,"15":12,"16":5,"17":4,"18":4,"19":4,"20":0,"21":0,"22":12,"23":6,"24":2,"25":6,"26":2,"27":6,"28":2,"29":1,"30":2,"31":1,"32":1},"f":{"0":12,"1":1,"2":5,"3":0,"4":5,"5":0,"6":6},"b":{"0":[1],"1":[4,1],"2":[0,4],"3":[4,1],"4":[0,4],"5":[2,4],"6":[6,2,2],"7":[2,4],"8":[6,2,2],"9":[2,4],"10":[1,1],"11":[2,1],"12":[1,1],"13":[2,1]},"_coverageSchema":"1a1c01bbd47fc00a2c39e90264f33305004495a9","hash":"097a31a76859610c8574795635b7b8e148b386cb"}
}
