{"/Users/pikachu/CodeHouse/zwCodeHose/zw-learn-code/promise-demo/index.js": {"path":"/Users/pikachu/CodeHouse/zwCodeHose/zw-learn-code/promise-demo/index.js","statementMap":{"0":{"start":{"line":2,"column":23},"end":{"line":2,"column":32}},"1":{"start":{"line":3,"column":25},"end":{"line":3,"column":36}},"2":{"start":{"line":4,"column":24},"end":{"line":4,"column":34}},"3":{"start":{"line":8,"column":4},"end":{"line":8,"column":33}},"4":{"start":{"line":9,"column":4},"end":{"line":9,"column":27}},"5":{"start":{"line":10,"column":4},"end":{"line":10,"column":28}},"6":{"start":{"line":12,"column":4},"end":{"line":12,"column":27}},"7":{"start":{"line":13,"column":4},"end":{"line":13,"column":26}},"8":{"start":{"line":15,"column":20},"end":{"line":26,"column":5}},"9":{"start":{"line":18,"column":6},"end":{"line":25,"column":7}},"10":{"start":{"line":19,"column":8},"end":{"line":19,"column":39}},"11":{"start":{"line":20,"column":8},"end":{"line":20,"column":27}},"12":{"start":{"line":22,"column":8},"end":{"line":24,"column":9}},"13":{"start":{"line":23,"column":10},"end":{"line":23,"column":60}},"14":{"start":{"line":23,"column":44},"end":{"line":23,"column":58}},"15":{"start":{"line":28,"column":19},"end":{"line":39,"column":5}},"16":{"start":{"line":31,"column":6},"end":{"line":38,"column":7}},"17":{"start":{"line":32,"column":8},"end":{"line":32,"column":38}},"18":{"start":{"line":33,"column":8},"end":{"line":33,"column":29}},"19":{"start":{"line":35,"column":8},"end":{"line":37,"column":9}},"20":{"start":{"line":36,"column":10},"end":{"line":36,"column":60}},"21":{"start":{"line":36,"column":43},"end":{"line":36,"column":58}},"22":{"start":{"line":41,"column":4},"end":{"line":47,"column":5}},"23":{"start":{"line":43,"column":6},"end":{"line":43,"column":32}},"24":{"start":{"line":46,"column":6},"end":{"line":46,"column":20}},"25":{"start":{"line":52,"column":4},"end":{"line":91,"column":7}},"26":{"start":{"line":56,"column":6},"end":{"line":64,"column":7}},"27":{"start":{"line":62,"column":22},"end":{"line":62,"column":45}},"28":{"start":{"line":63,"column":8},"end":{"line":63,"column":23}},"29":{"start":{"line":65,"column":6},"end":{"line":73,"column":7}},"30":{"start":{"line":71,"column":23},"end":{"line":71,"column":46}},"31":{"start":{"line":72,"column":8},"end":{"line":72,"column":23}},"32":{"start":{"line":76,"column":6},"end":{"line":90,"column":7}},"33":{"start":{"line":78,"column":8},"end":{"line":83,"column":9}},"34":{"start":{"line":79,"column":10},"end":{"line":82,"column":13}},"35":{"start":{"line":80,"column":26},"end":{"line":80,"column":45}},"36":{"start":{"line":81,"column":12},"end":{"line":81,"column":27}},"37":{"start":{"line":84,"column":8},"end":{"line":89,"column":9}},"38":{"start":{"line":85,"column":10},"end":{"line":88,"column":13}},"39":{"start":{"line":86,"column":27},"end":{"line":86,"column":45}},"40":{"start":{"line":87,"column":12},"end":{"line":87,"column":27}},"41":{"start":{"line":94,"column":0},"end":{"line":94,"column":26}}},"fnMap":{"0":{"name":"(anonymous_0)","decl":{"start":{"line":6,"column":2},"end":{"line":6,"column":3}},"loc":{"start":{"line":6,"column":35},"end":{"line":48,"column":3}},"line":6},"1":{"name":"(anonymous_1)","decl":{"start":{"line":6,"column":25},"end":{"line":6,"column":26}},"loc":{"start":{"line":6,"column":31},"end":{"line":6,"column":33}},"line":6},"2":{"name":"(anonymous_2)","decl":{"start":{"line":15,"column":20},"end":{"line":15,"column":21}},"loc":{"start":{"line":15,"column":31},"end":{"line":26,"column":5}},"line":15},"3":{"name":"(anonymous_3)","decl":{"start":{"line":23,"column":36},"end":{"line":23,"column":37}},"loc":{"start":{"line":23,"column":44},"end":{"line":23,"column":58}},"line":23},"4":{"name":"(anonymous_4)","decl":{"start":{"line":28,"column":19},"end":{"line":28,"column":20}},"loc":{"start":{"line":28,"column":31},"end":{"line":39,"column":5}},"line":28},"5":{"name":"(anonymous_5)","decl":{"start":{"line":36,"column":35},"end":{"line":36,"column":36}},"loc":{"start":{"line":36,"column":43},"end":{"line":36,"column":58}},"line":36},"6":{"name":"(anonymous_6)","decl":{"start":{"line":50,"column":2},"end":{"line":50,"column":3}},"loc":{"start":{"line":50,"column":32},"end":{"line":92,"column":3}},"line":50},"7":{"name":"(anonymous_7)","decl":{"start":{"line":52,"column":24},"end":{"line":52,"column":25}},"loc":{"start":{"line":52,"column":45},"end":{"line":91,"column":5}},"line":52},"8":{"name":"(anonymous_8)","decl":{"start":{"line":79,"column":33},"end":{"line":79,"column":34}},"loc":{"start":{"line":79,"column":45},"end":{"line":82,"column":11}},"line":79},"9":{"name":"(anonymous_9)","decl":{"start":{"line":85,"column":32},"end":{"line":85,"column":33}},"loc":{"start":{"line":85,"column":44},"end":{"line":88,"column":11}},"line":85}},"branchMap":{"0":{"loc":{"start":{"line":6,"column":14},"end":{"line":6,"column":33}},"type":"default-arg","locations":[{"start":{"line":6,"column":25},"end":{"line":6,"column":33}}],"line":6},"1":{"loc":{"start":{"line":18,"column":6},"end":{"line":25,"column":7}},"type":"if","locations":[{"start":{"line":18,"column":6},"end":{"line":25,"column":7}},{"start":{},"end":{}}],"line":18},"2":{"loc":{"start":{"line":22,"column":8},"end":{"line":24,"column":9}},"type":"if","locations":[{"start":{"line":22,"column":8},"end":{"line":24,"column":9}},{"start":{},"end":{}}],"line":22},"3":{"loc":{"start":{"line":31,"column":6},"end":{"line":38,"column":7}},"type":"if","locations":[{"start":{"line":31,"column":6},"end":{"line":38,"column":7}},{"start":{},"end":{}}],"line":31},"4":{"loc":{"start":{"line":35,"column":8},"end":{"line":37,"column":9}},"type":"if","locations":[{"start":{"line":35,"column":8},"end":{"line":37,"column":9}},{"start":{},"end":{}}],"line":35},"5":{"loc":{"start":{"line":56,"column":6},"end":{"line":64,"column":7}},"type":"if","locations":[{"start":{"line":56,"column":6},"end":{"line":64,"column":7}},{"start":{},"end":{}}],"line":56},"6":{"loc":{"start":{"line":57,"column":8},"end":{"line":59,"column":41}},"type":"binary-expr","locations":[{"start":{"line":57,"column":8},"end":{"line":57,"column":40}},{"start":{"line":58,"column":8},"end":{"line":58,"column":19}},{"start":{"line":59,"column":8},"end":{"line":59,"column":41}}],"line":57},"7":{"loc":{"start":{"line":65,"column":6},"end":{"line":73,"column":7}},"type":"if","locations":[{"start":{"line":65,"column":6},"end":{"line":73,"column":7}},{"start":{},"end":{}}],"line":65},"8":{"loc":{"start":{"line":66,"column":8},"end":{"line":68,"column":40}},"type":"binary-expr","locations":[{"start":{"line":66,"column":8},"end":{"line":66,"column":39}},{"start":{"line":67,"column":8},"end":{"line":67,"column":18}},{"start":{"line":68,"column":8},"end":{"line":68,"column":40}}],"line":66},"9":{"loc":{"start":{"line":76,"column":6},"end":{"line":90,"column":7}},"type":"if","locations":[{"start":{"line":76,"column":6},"end":{"line":90,"column":7}},{"start":{},"end":{}}],"line":76},"10":{"loc":{"start":{"line":78,"column":8},"end":{"line":83,"column":9}},"type":"if","locations":[{"start":{"line":78,"column":8},"end":{"line":83,"column":9}},{"start":{},"end":{}}],"line":78},"11":{"loc":{"start":{"line":78,"column":12},"end":{"line":78,"column":60}},"type":"binary-expr","locations":[{"start":{"line":78,"column":12},"end":{"line":78,"column":23}},{"start":{"line":78,"column":27},"end":{"line":78,"column":60}}],"line":78},"12":{"loc":{"start":{"line":84,"column":8},"end":{"line":89,"column":9}},"type":"if","locations":[{"start":{"line":84,"column":8},"end":{"line":89,"column":9}},{"start":{},"end":{}}],"line":84},"13":{"loc":{"start":{"line":84,"column":12},"end":{"line":84,"column":58}},"type":"binary-expr","locations":[{"start":{"line":84,"column":12},"end":{"line":84,"column":22}},{"start":{"line":84,"column":26},"end":{"line":84,"column":58}}],"line":84}},"s":{"0":1,"1":1,"2":1,"3":26,"4":26,"5":26,"6":26,"7":26,"8":26,"9":10,"10":9,"11":9,"12":9,"13":0,"14":0,"15":26,"16":12,"17":11,"18":11,"19":11,"20":0,"21":0,"22":26,"23":26,"24":1,"25":11,"26":11,"27":4,"28":4,"29":11,"30":5,"31":5,"32":11,"33":2,"34":1,"35":0,"36":0,"37":2,"38":1,"39":0,"40":0,"41":1},"f":{"0":26,"1":1,"2":10,"3":0,"4":12,"5":0,"6":11,"7":11,"8":0,"9":0},"b":{"0":[1],"1":[9,1],"2":[0,9],"3":[11,1],"4":[0,11],"5":[4,7],"6":[11,4,4],"7":[5,6],"8":[11,5,5],"9":[2,9],"10":[1,1],"11":[2,1],"12":[1,1],"13":[2,1]},"_coverageSchema":"1a1c01bbd47fc00a2c39e90264f33305004495a9","hash":"bb124cae92471d311b0857b4804a11f54107f7b6"}
}
