TN:
SF:index.js
FN:6,(anonymous_0)
FN:6,(anonymous_1)
FN:15,(anonymous_2)
FN:23,(anonymous_3)
FN:28,(anonymous_4)
FN:36,(anonymous_5)
FN:44,(anonymous_6)
FNF:7
FNH:5
FNDA:12,(anonymous_0)
FNDA:1,(anonymous_1)
FNDA:5,(anonymous_2)
FNDA:0,(anonymous_3)
FNDA:5,(anonymous_4)
FNDA:0,(anonymous_5)
FNDA:6,(anonymous_6)
DA:2,1
DA:3,1
DA:4,1
DA:8,12
DA:9,12
DA:10,12
DA:12,12
DA:13,12
DA:15,12
DA:18,5
DA:19,4
DA:20,4
DA:22,4
DA:23,0
DA:28,12
DA:31,5
DA:32,4
DA:33,4
DA:35,4
DA:36,0
DA:41,12
DA:48,6
DA:53,2
DA:55,6
DA:60,2
DA:64,6
DA:65,2
DA:66,1
DA:68,2
DA:69,1
DA:74,1
LF:31
LH:29
BRDA:6,0,0,1
BRDA:18,1,0,4
BRDA:18,1,1,1
BRDA:22,2,0,0
BRDA:22,2,1,4
BRDA:31,3,0,4
BRDA:31,3,1,1
BRDA:35,4,0,0
BRDA:35,4,1,4
BRDA:48,5,0,2
BRDA:48,5,1,4
BRDA:49,6,0,6
BRDA:49,6,1,2
BRDA:49,6,2,2
BRDA:55,7,0,2
BRDA:55,7,1,4
BRDA:56,8,0,6
BRDA:56,8,1,2
BRDA:56,8,2,2
BRDA:64,9,0,2
BRDA:64,9,1,4
BRDA:65,10,0,1
BRDA:65,10,1,1
BRDA:65,11,0,2
BRDA:65,11,1,1
BRDA:68,12,0,1
BRDA:68,12,1,1
BRDA:68,13,0,2
BRDA:68,13,1,1
BRF:29
BRH:27
end_of_record
