TN:
SF:index.js
FN:6,executorFnWithCatchError
FN:15,(anonymous_1)
FN:15,(anonymous_2)
FN:24,(anonymous_3)
FN:32,(anonymous_4)
FN:37,(anonymous_5)
FN:45,(anonymous_6)
FN:59,(anonymous_7)
FN:61,(anonymous_8)
FN:64,(anonymous_9)
FN:68,(anonymous_10)
FN:92,(anonymous_11)
FN:99,(anonymous_12)
FN:109,(anonymous_13)
FN:116,(anonymous_14)
FN:120,(anonymous_15)
FN:120,(anonymous_16)
FN:121,(anonymous_17)
FN:122,(anonymous_18)
FN:128,(anonymous_19)
FN:129,(anonymous_20)
FN:132,(anonymous_21)
FN:133,(anonymous_22)
FN:136,(anonymous_23)
FN:137,(anonymous_24)
FN:141,(anonymous_25)
FN:143,(anonymous_26)
FN:151,(anonymous_27)
FN:159,(anonymous_28)
FN:160,(anonymous_29)
FN:163,(anonymous_30)
FN:165,(anonymous_31)
FN:168,(anonymous_32)
FN:177,(anonymous_33)
FN:178,(anonymous_34)
FN:180,(anonymous_35)
FN:182,(anonymous_36)
FN:186,(anonymous_37)
FN:194,(anonymous_38)
FN:195,(anonymous_39)
FN:198,(anonymous_40)
FN:200,(anonymous_41)
FN:204,(anonymous_42)
FNF:43
FNH:39
FNDA:59,executorFnWithCatchError
FNDA:107,(anonymous_1)
FNDA:1,(anonymous_2)
FNDA:69,(anonymous_3)
FNDA:0,(anonymous_4)
FNDA:36,(anonymous_5)
FNDA:0,(anonymous_6)
FNDA:61,(anonymous_7)
FNDA:12,(anonymous_8)
FNDA:9,(anonymous_9)
FNDA:61,(anonymous_10)
FNDA:0,(anonymous_11)
FNDA:0,(anonymous_12)
FNDA:19,(anonymous_13)
FNDA:2,(anonymous_14)
FNDA:1,(anonymous_15)
FNDA:1,(anonymous_16)
FNDA:1,(anonymous_17)
FNDA:1,(anonymous_18)
FNDA:3,(anonymous_19)
FNDA:3,(anonymous_20)
FNDA:1,(anonymous_21)
FNDA:1,(anonymous_22)
FNDA:2,(anonymous_23)
FNDA:2,(anonymous_24)
FNDA:7,(anonymous_25)
FNDA:6,(anonymous_26)
FNDA:1,(anonymous_27)
FNDA:1,(anonymous_28)
FNDA:1,(anonymous_29)
FNDA:3,(anonymous_30)
FNDA:1,(anonymous_31)
FNDA:2,(anonymous_32)
FNDA:1,(anonymous_33)
FNDA:1,(anonymous_34)
FNDA:3,(anonymous_35)
FNDA:1,(anonymous_36)
FNDA:2,(anonymous_37)
FNDA:1,(anonymous_38)
FNDA:1,(anonymous_39)
FNDA:3,(anonymous_40)
FNDA:1,(anonymous_41)
FNDA:2,(anonymous_42)
DA:2,1
DA:3,1
DA:4,1
DA:7,59
DA:8,59
DA:9,44
DA:11,15
DA:17,107
DA:18,107
DA:19,107
DA:21,107
DA:22,107
DA:24,107
DA:27,69
DA:28,67
DA:29,67
DA:31,67
DA:32,0
DA:37,107
DA:40,36
DA:41,34
DA:42,34
DA:44,34
DA:45,0
DA:50,107
DA:52,107
DA:55,1
DA:61,61
DA:62,61
DA:65,9
DA:68,61
DA:72,61
DA:79,33
DA:81,61
DA:85,26
DA:89,61
DA:91,2
DA:92,2
DA:95,0
DA:98,2
DA:99,2
DA:102,0
DA:113,19
DA:119,2
DA:120,1
DA:122,1
DA:123,1
DA:129,3
DA:133,1
DA:137,2
DA:138,2
DA:139,2
DA:141,2
DA:142,7
DA:144,6
DA:145,6
DA:147,6
DA:148,1
DA:153,1
DA:160,1
DA:161,1
DA:163,1
DA:164,3
DA:166,1
DA:169,2
DA:173,1
DA:178,1
DA:180,1
DA:181,3
DA:184,1
DA:188,2
DA:195,1
DA:196,1
DA:198,1
DA:199,3
DA:202,1
DA:206,2
DA:210,1
DA:211,0
DA:216,1
LF:80
LH:75
BRDA:15,0,0,1
BRDA:27,1,0,67
BRDA:27,1,1,2
BRDA:31,2,0,0
BRDA:31,2,1,67
BRDA:40,3,0,34
BRDA:40,3,1,2
BRDA:44,4,0,0
BRDA:44,4,1,34
BRDA:61,5,0,32
BRDA:61,5,1,29
BRDA:62,6,0,31
BRDA:62,6,1,30
BRDA:72,7,0,33
BRDA:72,7,1,28
BRDA:73,8,0,61
BRDA:73,8,1,33
BRDA:81,9,0,26
BRDA:81,9,1,35
BRDA:81,10,0,61
BRDA:81,10,1,26
BRDA:89,11,0,2
BRDA:89,11,1,59
BRDA:91,12,0,2
BRDA:91,12,1,0
BRDA:91,13,0,2
BRDA:91,13,1,2
BRDA:98,14,0,2
BRDA:98,14,1,0
BRDA:98,15,0,2
BRDA:98,15,1,2
BRDA:147,16,0,1
BRDA:147,16,1,5
BRDA:210,17,0,0
BRDA:210,17,1,1
BRF:35
BRH:30
end_of_record
