{"/Users/pikachu/CodeHouse/zwCodeHose/zw-learn-code/common-event/index.js": {"path":"/Users/pikachu/CodeHouse/zwCodeHose/zw-learn-code/common-event/index.js","statementMap":{"0":{"start":{"line":7,"column":4},"end":{"line":9,"column":5}},"1":{"start":{"line":8,"column":6},"end":{"line":8,"column":32}},"2":{"start":{"line":10,"column":4},"end":{"line":10,"column":27}},"3":{"start":{"line":18,"column":4},"end":{"line":24,"column":5}},"4":{"start":{"line":19,"column":6},"end":{"line":19,"column":58}},"5":{"start":{"line":20,"column":11},"end":{"line":24,"column":5}},"6":{"start":{"line":21,"column":6},"end":{"line":21,"column":77}},"7":{"start":{"line":21,"column":50},"end":{"line":21,"column":76}},"8":{"start":{"line":23,"column":6},"end":{"line":23,"column":42}},"9":{"start":{"line":30,"column":4},"end":{"line":36,"column":5}},"10":{"start":{"line":31,"column":6},"end":{"line":31,"column":61}},"11":{"start":{"line":32,"column":11},"end":{"line":36,"column":5}},"12":{"start":{"line":33,"column":6},"end":{"line":33,"column":52}},"13":{"start":{"line":35,"column":6},"end":{"line":35,"column":39}},"14":{"start":{"line":43,"column":4},"end":{"line":47,"column":5}},"15":{"start":{"line":44,"column":6},"end":{"line":44,"column":26}},"16":{"start":{"line":46,"column":6},"end":{"line":46,"column":28}},"17":{"start":{"line":53,"column":4},"end":{"line":57,"column":5}},"18":{"start":{"line":54,"column":6},"end":{"line":54,"column":25}},"19":{"start":{"line":56,"column":6},"end":{"line":56,"column":28}},"20":{"start":{"line":62,"column":0},"end":{"line":62,"column":29}}},"fnMap":{"0":{"name":"(anonymous_0)","decl":{"start":{"line":5,"column":2},"end":{"line":5,"column":3}},"loc":{"start":{"line":5,"column":23},"end":{"line":11,"column":3}},"line":5},"1":{"name":"(anonymous_1)","decl":{"start":{"line":17,"column":2},"end":{"line":17,"column":3}},"loc":{"start":{"line":17,"column":27},"end":{"line":25,"column":3}},"line":17},"2":{"name":"(anonymous_2)","decl":{"start":{"line":21,"column":44},"end":{"line":21,"column":45}},"loc":{"start":{"line":21,"column":50},"end":{"line":21,"column":76}},"line":21},"3":{"name":"(anonymous_3)","decl":{"start":{"line":29,"column":2},"end":{"line":29,"column":3}},"loc":{"start":{"line":29,"column":29},"end":{"line":37,"column":3}},"line":29},"4":{"name":"(anonymous_4)","decl":{"start":{"line":42,"column":2},"end":{"line":42,"column":3}},"loc":{"start":{"line":42,"column":28},"end":{"line":48,"column":3}},"line":42},"5":{"name":"(anonymous_5)","decl":{"start":{"line":52,"column":2},"end":{"line":52,"column":3}},"loc":{"start":{"line":52,"column":27},"end":{"line":58,"column":3}},"line":52}},"branchMap":{"0":{"loc":{"start":{"line":7,"column":4},"end":{"line":9,"column":5}},"type":"if","locations":[{"start":{"line":7,"column":4},"end":{"line":9,"column":5}},{"start":{},"end":{}}],"line":7},"1":{"loc":{"start":{"line":18,"column":4},"end":{"line":24,"column":5}},"type":"if","locations":[{"start":{"line":18,"column":4},"end":{"line":24,"column":5}},{"start":{"line":20,"column":11},"end":{"line":24,"column":5}}],"line":18},"2":{"loc":{"start":{"line":20,"column":11},"end":{"line":24,"column":5}},"type":"if","locations":[{"start":{"line":20,"column":11},"end":{"line":24,"column":5}},{"start":{"line":22,"column":11},"end":{"line":24,"column":5}}],"line":20},"3":{"loc":{"start":{"line":30,"column":4},"end":{"line":36,"column":5}},"type":"if","locations":[{"start":{"line":30,"column":4},"end":{"line":36,"column":5}},{"start":{"line":32,"column":11},"end":{"line":36,"column":5}}],"line":30},"4":{"loc":{"start":{"line":32,"column":11},"end":{"line":36,"column":5}},"type":"if","locations":[{"start":{"line":32,"column":11},"end":{"line":36,"column":5}},{"start":{"line":34,"column":11},"end":{"line":36,"column":5}}],"line":32},"5":{"loc":{"start":{"line":43,"column":4},"end":{"line":47,"column":5}},"type":"if","locations":[{"start":{"line":43,"column":4},"end":{"line":47,"column":5}},{"start":{"line":45,"column":11},"end":{"line":47,"column":5}}],"line":43},"6":{"loc":{"start":{"line":53,"column":4},"end":{"line":57,"column":5}},"type":"if","locations":[{"start":{"line":53,"column":4},"end":{"line":57,"column":5}},{"start":{"line":55,"column":11},"end":{"line":57,"column":5}}],"line":53}},"s":{"0":4,"1":0,"2":4,"3":4,"4":4,"5":0,"6":0,"7":0,"8":0,"9":1,"10":1,"11":0,"12":0,"13":0,"14":1,"15":1,"16":0,"17":1,"18":1,"19":0,"20":1},"f":{"0":4,"1":4,"2":0,"3":1,"4":1,"5":1},"b":{"0":[0,4],"1":[4,0],"2":[0,0],"3":[1,0],"4":[0,0],"5":[1,0],"6":[1,0]},"_coverageSchema":"1a1c01bbd47fc00a2c39e90264f33305004495a9","hash":"cf599a8f5df7d9101d0fadf9b260116908d96f31"}
}
