TN:
SF:index.js
FN:5,(anonymous_0)
FN:17,(anonymous_1)
FN:21,(anonymous_2)
FN:29,(anonymous_3)
FN:42,(anonymous_4)
FN:52,(anonymous_5)
FNF:6
FNH:5
FNDA:4,(anonymous_0)
FNDA:4,(anonymous_1)
FNDA:0,(anonymous_2)
FNDA:1,(anonymous_3)
FNDA:1,(anonymous_4)
FNDA:1,(anonymous_5)
DA:7,4
DA:8,0
DA:10,4
DA:18,4
DA:19,4
DA:20,0
DA:21,0
DA:23,0
DA:30,1
DA:31,1
DA:32,0
DA:33,0
DA:35,0
DA:43,1
DA:44,1
DA:46,0
DA:53,1
DA:54,1
DA:56,0
DA:62,1
LF:20
LH:11
BRDA:7,0,0,0
BRDA:7,0,1,4
BRDA:18,1,0,4
BRDA:18,1,1,0
BRDA:20,2,0,0
BRDA:20,2,1,0
BRDA:30,3,0,1
BRDA:30,3,1,0
BRDA:32,4,0,0
BRDA:32,4,1,0
BRDA:43,5,0,1
BRDA:43,5,1,0
BRDA:53,6,0,1
BRDA:53,6,1,0
BRF:14
BRH:5
end_of_record
